<?xml version="1.0" encoding="UTF-8"?>
<!-- Generated by org.testng.reporters.JUnitReportReporter -->
<testsuite hostname="USTPALG1757" failures="0" tests="1" name="POM.Sample_iOS_POM_Test" time="0.000" errors="0" timestamp="09 Aug 2022 21:16:06 GMT" skipped="1">
  <testcase classname="POM.Sample_iOS_POM_Test" name="sampleTest" time="0.000">
    <skipped/>
  </testcase> <!-- sampleTest -->
</testsuite> <!-- POM.Sample_iOS_POM_Test -->
