<?xml version="1.0" encoding="UTF-8"?>
<!-- Generated by org.testng.reporters.JUnitReportReporter -->
<testsuite hostname="USTPALG1757" failures="0" tests="2" name="runner.RunnerTest" time="0.282" errors="0" timestamp="26 Aug 2022 12:54:57 GMT" skipped="0">
  <testcase classname="runner.RunnerTest" name="runScenario" time="0.275"/>
  <testcase classname="runner.RunnerTest" name="runScenario" time="0.007"/>
</testsuite> <!-- runner.RunnerTest -->
