<?xml version="1.0" encoding="UTF-8"?>
<!-- Generated by org.testng.reporters.JUnitReportReporter -->
<testsuite hostname="USTPALG1757" failures="0" tests="2" name="runner.Runner2Test" time="0.308" errors="0" timestamp="26 Aug 2022 12:51:31 GMT" skipped="0">
  <testcase classname="runner.Runner2Test" name="scenario" time="0.305"/>
  <testcase classname="runner.Runner2Test" name="scenario" time="0.003"/>
</testsuite> <!-- runner.Runner2Test -->
