<?xml version="1.0" encoding="UTF-8"?>
<!-- Generated by org.testng.reporters.JUnitReportReporter -->
<testsuite hostname="USTPALG1757" failures="0" tests="2" name="runner.Runner2Test" time="0.536" errors="0" timestamp="24 Aug 2022 15:48:26 GMT" skipped="0">
  <testcase classname="runner.Runner2Test" name="scenario" time="0.529"/>
  <testcase classname="runner.Runner2Test" name="scenario" time="0.007"/>
</testsuite> <!-- runner.Runner2Test -->
