<?xml version="1.0" encoding="UTF-8"?>
<!-- Generated by org.testng.reporters.JUnitReportReporter -->
<testsuite hostname="USTPALG1757" failures="0" tests="1" name="iOS.SampleiOSTest" time="0.000" errors="0" timestamp="09 Aug 2022 21:16:06 GMT" skipped="1">
  <testcase classname="iOS.SampleiOSTest" name="userLogin" time="0.000">
    <skipped/>
  </testcase> <!-- userLogin -->
</testsuite> <!-- iOS.SampleiOSTest -->
