<?xml version="1.0" encoding="UTF-8"?>
<!-- Generated by org.testng.reporters.JUnitReportReporter -->
<testsuite hostname="USTPALG1757" failures="0" tests="2" name="runner.RunnerTest" time="0.459" errors="0" timestamp="22 Aug 2022 17:56:11 GMT" skipped="0">
  <testcase classname="runner.RunnerTest" name="runScenario" time="0.006"/>
  <testcase classname="runner.RunnerTest" name="runScenario" time="0.453"/>
</testsuite> <!-- runner.RunnerTest -->
