<?xml version="1.0" encoding="UTF-8"?>
<!-- Generated by org.testng.reporters.JUnitReportReporter -->
<testsuite hostname="USTPALG1757" failures="0" tests="1" name="runners.RunnerTest" time="0.000" errors="0" timestamp="09 Aug 2022 17:55:46 GMT" skipped="1">
  <testcase classname="runners.RunnerTest" name="runScenario" time="0.000">
    <skipped/>
  </testcase> <!-- runScenario -->
</testsuite> <!-- runners.RunnerTest -->
