<?xml version="1.0" encoding="UTF-8"?>
<!-- Generated by org.testng.reporters.JUnitReportReporter -->
<testsuite hostname="ATTPA-1450" failures="0" tests="1" name="iOS.SampleiOSTest" time="0.000" errors="0" timestamp="12 Jul 2022 13:44:35 GMT" skipped="1">
  <testcase classname="iOS.SampleiOSTest" name="userLogin" time="0.000">
    <skipped/>
  </testcase> <!-- userLogin -->
</testsuite> <!-- iOS.SampleiOSTest -->
