<?xml version="1.0" encoding="UTF-8"?>
<!-- Generated by org.testng.reporters.JUnitReportReporter -->
<testsuite hostname="USTPALG1757" failures="0" tests="1" name="runner.Runner2Test" time="0.000" errors="0" timestamp="09 Aug 2022 21:16:06 GMT" skipped="1">
  <testcase classname="runner.Runner2Test" name="scenario" time="0.000">
    <skipped/>
  </testcase> <!-- scenario -->
</testsuite> <!-- runner.Runner2Test -->
