<?xml version="1.0" encoding="UTF-8"?>
<!-- Generated by org.testng.reporters.JUnitReportReporter -->
<testsuite hostname="ATTPA-1450" failures="0" tests="1" name="Android.SampleAndroidTest" time="0.000" errors="0" timestamp="12 Jul 2022 13:44:35 GMT" skipped="1">
  <testcase classname="Android.SampleAndroidTest" name="click_App_Button" time="0.000">
    <skipped/>
  </testcase> <!-- click_App_Button -->
</testsuite> <!-- Android.SampleAndroidTest -->
